2016-10-22 14:50:41,418 INFO  [main] ui.Application: my first log
2016-10-22 15:15:24,518 INFO  [main] ui.Application: This is ui.Application class
2016-10-22 15:27:22,345 INFO  [main] ui.Application: This is ui.Application class
2016-10-22 15:31:40,273 INFO  [main] ui.Application: This is ui.Application class
2016-10-22 15:31:40,274 DEBUG [main] ui.Application: This is a debug message
2016-10-22 15:40:17,514 INFO  [main] ui.Application: Logger initialized
2016-10-22 16:04:16,086 INFO  [main] ui.Application: Logger initialized
2016-10-22 22:25:31,259 INFO  [main] ui.Application: Logger initialized
2016-10-22 22:26:46,298 INFO  [main] ui.Application: Logger initialized
2016-10-22 22:27:21,093 INFO  [main] ui.Application: Logger initialized
2016-10-22 22:38:09,314 INFO  [main] ui.Application: Logger initialized
2016-10-22 22:39:06,365 INFO  [main] ui.Application: Logger initialized
2016-10-22 22:39:47,851 INFO  [main] ui.Application: Logger initialized
2016-10-22 22:40:42,663 INFO  [main] ui.Application: Logger initialized
2016-10-22 22:42:31,697 INFO  [main] ui.Application: Logger initialized
2016-10-22 22:46:57,036 INFO  [main] ui.Application: Logger initialized
2016-10-22 22:49:18,776 INFO  [main] ui.Application: Logger initialized
2016-10-22 22:49:29,042 INFO  [main] ui.Application: Logger initialized
2016-10-22 22:49:57,424 INFO  [main] ui.Application: Logger initialized
2016-10-22 22:52:45,956 INFO  [main] ui.Application: Logger initialized
2016-10-22 22:52:59,417 INFO  [main] ui.Application: Logger initialized
2016-10-22 22:54:27,159 INFO  [main] ui.Application: Logger initialized
2016-10-22 22:56:01,120 INFO  [main] ui.Application: Logger initialized
2016-10-22 22:56:36,346 INFO  [main] ui.Application: Logger initialized
2016-10-22 23:01:02,672 INFO  [main] ui.Application: Logger initialized
2016-10-22 23:01:21,420 INFO  [main] ui.Application: Logger initialized
2016-10-22 23:04:09,608 INFO  [main] ui.Application: Logger initialized
2016-10-22 23:04:13,441 INFO  [main] ui.Application: Logger initialized
2016-10-22 23:09:27,389 INFO  [main] ui.Application: Logger initialized
2016-10-22 23:10:07,909 INFO  [main] ui.Application: Logger initialized
2016-10-22 23:11:13,463 INFO  [main] ui.Application: Logger initialized
2016-10-22 23:11:27,805 INFO  [main] ui.Application: Logger initialized
2016-10-22 23:11:43,965 INFO  [main] ui.Application: Logger initialized
2016-10-22 23:24:07,069 INFO  [main] ui.Application: Logger initialized
2016-10-22 23:24:32,304 INFO  [main] ui.Application: Logger initialized
2016-10-22 23:28:22,478 INFO  [main] ui.Application: Logger initialized
2016-10-22 23:28:40,460 INFO  [main] ui.Application: Logger initialized
2016-10-22 23:29:02,406 INFO  [main] ui.Application: Logger initialized
2016-10-22 23:29:37,020 INFO  [main] ui.Application: Logger initialized
2016-10-22 23:30:44,001 INFO  [main] ui.Application: Logger initialized
2016-10-22 23:33:15,619 INFO  [main] ui.Application: Logger initialized
2016-10-22 23:33:35,444 INFO  [main] ui.Application: Logger initialized
2016-10-22 23:33:46,938 INFO  [main] ui.Application: Logger initialized
2016-10-22 23:33:52,581 INFO  [main] ui.Application: Logger initialized
2016-10-22 23:35:51,909 INFO  [main] ui.Application: Logger initialized
2016-10-22 23:36:11,328 INFO  [main] ui.Application: Logger initialized
2016-10-22 23:36:39,321 INFO  [main] ui.Application: Logger initialized
2016-10-22 23:36:53,412 INFO  [main] ui.Application: Logger initialized
2016-10-22 23:37:00,415 INFO  [main] ui.Application: Logger initialized
2016-10-22 23:37:08,473 INFO  [main] ui.Application: Logger initialized
2016-10-22 23:37:20,304 INFO  [main] ui.Application: Logger initialized
2016-10-22 23:37:59,317 INFO  [main] ui.Application: Logger initialized
2016-10-22 23:38:32,864 INFO  [main] ui.Application: Logger initialized
2016-10-22 23:41:25,621 INFO  [main] ui.Application: Logger initialized
2016-10-22 23:42:34,989 INFO  [main] ui.Application: Logger initialized
2016-10-22 23:54:33,392 INFO  [main] ui.Application: Logger initialized
2016-10-22 23:55:01,410 INFO  [main] ui.Application: Logger initialized
2016-10-22 23:55:19,344 INFO  [main] ui.Application: Logger initialized
2016-10-22 23:56:56,575 INFO  [main] ui.Application: Logger initialized
2016-10-22 23:57:10,243 INFO  [main] ui.Application: Logger initialized
2016-10-22 23:58:08,754 INFO  [main] ui.Application: Logger initialized
2016-10-23 00:01:23,620 INFO  [main] ui.Application: Logger initialized
2016-10-23 00:01:34,104 INFO  [main] ui.Application: Logger initialized
2016-10-23 00:01:57,920 INFO  [main] ui.Application: Logger initialized
2016-10-23 00:02:38,903 INFO  [main] ui.Application: Logger initialized
2016-10-23 00:03:16,842 INFO  [main] ui.Application: Logger initialized
2016-10-23 00:03:45,881 INFO  [main] ui.Application: Logger initialized
2016-10-23 00:05:09,559 INFO  [main] ui.Application: Logger initialized
2016-10-23 00:05:42,430 INFO  [main] ui.Application: Logger initialized
2016-10-23 00:06:06,027 INFO  [main] ui.Application: Logger initialized
2016-10-23 00:06:14,482 INFO  [main] ui.Application: Logger initialized
2016-10-23 09:22:04,791 INFO  [main] ui.Application: Logger initialized
2016-10-23 09:22:41,930 INFO  [main] ui.Application: Logger initialized
2016-10-23 09:23:22,996 INFO  [main] ui.Application: Logger initialized
2016-10-23 09:23:28,576 INFO  [main] ui.Application: Logger initialized
2016-10-23 09:26:24,187 INFO  [main] ui.Application: Logger initialized
2016-10-23 09:26:58,906 INFO  [main] ui.Application: Logger initialized
2016-10-23 09:27:23,697 INFO  [main] ui.Application: Logger initialized
2016-10-23 09:27:43,514 INFO  [main] ui.Application: Logger initialized
2016-10-23 09:27:59,988 INFO  [main] ui.Application: Logger initialized
2016-10-23 09:28:14,028 INFO  [main] ui.Application: Logger initialized
2016-10-23 09:29:40,325 INFO  [main] ui.Application: Logger initialized
2016-10-23 09:30:42,998 INFO  [main] ui.Application: Logger initialized
2016-10-23 09:30:52,108 INFO  [main] ui.Application: Logger initialized
2016-10-23 09:31:21,638 INFO  [main] ui.Application: Logger initialized
2016-10-23 09:31:38,064 INFO  [main] ui.Application: Logger initialized
2016-10-23 09:31:49,167 INFO  [main] ui.Application: Logger initialized
2016-10-23 09:33:32,363 INFO  [main] ui.Application: Logger initialized
2016-10-23 09:33:56,105 INFO  [main] ui.Application: Logger initialized
2016-10-23 09:34:50,941 INFO  [main] ui.Application: Logger initialized
2016-10-23 09:35:13,185 INFO  [main] ui.Application: Logger initialized
2016-10-23 09:35:22,338 INFO  [main] ui.Application: Logger initialized
2016-10-23 09:35:34,865 INFO  [main] ui.Application: Logger initialized
2016-10-23 09:35:49,073 INFO  [main] ui.Application: Logger initialized
2016-10-23 09:36:20,757 INFO  [main] ui.Application: Logger initialized
2016-10-23 09:37:40,703 INFO  [main] ui.Application: Logger initialized
2016-10-23 09:38:25,260 INFO  [main] ui.Application: Logger initialized
2016-10-23 09:38:41,381 INFO  [main] ui.Application: Logger initialized
2016-10-23 09:39:01,378 INFO  [main] ui.Application: Logger initialized
2016-10-23 09:40:53,440 INFO  [main] ui.Application: Logger initialized
2016-10-23 09:41:00,687 INFO  [main] ui.Application: Logger initialized
2016-10-23 09:41:07,860 INFO  [main] ui.Application: Logger initialized
2016-10-23 09:41:19,822 INFO  [main] ui.Application: Logger initialized
2016-10-23 09:41:54,355 INFO  [main] ui.Application: Logger initialized
2016-10-23 09:42:19,150 INFO  [main] ui.Application: Logger initialized
2016-10-23 09:42:26,392 INFO  [main] ui.Application: Logger initialized
2016-10-23 09:42:59,883 INFO  [main] ui.Application: Logger initialized
2016-10-23 09:47:06,009 INFO  [main] ui.Application: Logger initialized
2016-10-23 09:47:21,219 INFO  [main] ui.Application: Logger initialized
2016-10-23 09:52:33,954 INFO  [main] ui.Application: Logger initialized
2016-10-23 09:52:56,276 INFO  [main] ui.Application: Logger initialized
2016-10-23 09:54:05,167 INFO  [main] ui.Application: Logger initialized
2016-10-23 10:11:59,887 INFO  [main] ui.Application: Logger initialized
2016-10-23 10:12:17,086 INFO  [main] ui.Application: Logger initialized
2016-10-23 10:33:21,665 INFO  [main] ui.Application: Logger initialized
2016-10-23 10:36:51,971 INFO  [main] ui.Application: Logger initialized
2016-10-23 10:37:39,425 INFO  [main] ui.Application: Logger initialized
2016-10-23 10:37:45,541 INFO  [main] ui.Application: Logger initialized
2016-10-23 10:38:15,012 INFO  [main] ui.Application: Logger initialized
2016-10-23 13:17:37,235 INFO  [main] ui.Application: Logger initialized
2016-10-23 13:19:42,038 INFO  [main] ui.Application: Logger initialized
2016-10-23 13:20:32,585 INFO  [main] ui.Application: Logger initialized
2016-10-23 14:00:55,331 INFO  [main] ui.Application: Logger initialized
2016-10-23 14:01:32,860 INFO  [main] ui.Application: Logger initialized
2016-10-23 14:17:39,543 INFO  [main] ui.Application: Logger initialized
2016-10-23 14:17:42,168 INFO  [main] ui.Application: Logger initialized
2016-10-23 14:20:44,938 INFO  [main] ui.Application: Logger initialized
2016-10-23 14:21:17,963 INFO  [main] ui.Application: Logger initialized
2016-10-23 14:29:09,545 INFO  [main] ui.Application: Logger initialized
2016-10-23 14:33:34,992 INFO  [main] ui.Application: Logger initialized
2016-10-23 14:47:07,923 INFO  [main] ui.Application: Logger initialized
2016-10-23 16:14:25,277 INFO  [main] ui.Application: Logger initialized
2016-10-23 16:16:04,487 INFO  [main] ui.Application: Logger initialized
2016-10-23 17:38:58,541 DEBUG [main] ui.Application: Application started
2016-10-23 17:46:22,155 DEBUG [main] ui.Application: Application started
2016-10-23 17:47:05,279 DEBUG [main] ui.Application: Application started
2016-10-23 17:47:08,516 ERROR [main] ui.CommandLineProcessor: Could not disconect from server, because connection was not established
2016-10-23 17:49:59,510 DEBUG [main] ui.Application: Application started
2016-10-23 17:50:03,716 ERROR [main] ui.CommandLineProcessor: Could not disconect from server, because connection was not established
2016-10-23 17:53:47,904 DEBUG [main] ui.Application: Application started
2016-10-23 17:55:03,030 INFO  [main] ui.Application: Application started
2016-10-23 17:55:50,379 INFO  [main] ui.Application: Application started
2016-10-23 17:58:27,399 INFO  [main] ui.Application: Application started
2016-10-23 17:58:42,398 INFO  [main] ui.Application: Application started
2016-10-23 17:59:07,133 INFO  [main] ui.Application: Application started
2016-10-23 18:01:39,109 INFO  [main] ui.Application: Application started
2016-10-23 18:02:07,734 INFO  [main] ui.Application: Application started
2016-10-23 18:03:31,059 INFO  [main] ui.Application: Application started
2016-10-23 18:15:26,370 INFO  [main] ui.Application: Application started
2016-10-23 18:18:45,893 INFO  [main] ui.Application: Application started
2016-10-23 18:35:50,855 INFO  [main] ui.Application: Application started
2016-10-23 18:37:30,350 INFO  [main] ui.Application: Application started
2016-10-23 18:37:57,888 INFO  [main] ui.Application: Application started
2016-10-23 18:40:55,703 INFO  [main] ui.Application: Application started
2016-10-23 18:42:55,229 INFO  [main] ui.Application: Application started
2016-10-23 18:44:55,337 INFO  [main] ui.Application: Application started
2016-10-23 18:45:41,524 INFO  [main] ui.Application: Application started
2016-10-23 18:46:28,705 INFO  [main] ui.Application: Application started
